2023-04-16 14:15:23 -Starting AppServiceApplication on DESKTOP-U0P6EDB with PID 10152 (E:\java2\netty-springboot\l-im-app-server\target\classes started by A in E:\java2\netty-springboot\l-im-app-server)
2023-04-16 14:15:23 -The following profiles are active: dev
2023-04-16 14:15:25 -Tomcat initialized with port(s): 8989 (http)
2023-04-16 14:15:25 -Initializing ProtocolHandler ["http-nio-8989"]
2023-04-16 14:15:25 -Starting service [Tomcat]
2023-04-16 14:15:25 -Starting Servlet engine: [Apache Tomcat/9.0.37]
2023-04-16 14:15:25 -Initializing Spring embedded WebApplicationContext
2023-04-16 14:15:25 -Root WebApplicationContext: initialization completed in 2361 ms
2023-04-16 14:15:28 -Initializing ExecutorService 'applicationTaskExecutor'
2023-04-16 14:15:28 -Starting ProtocolHandler ["http-nio-8989"]
2023-04-16 14:15:29 -Tomcat started on port(s): 8989 (http) with context path ''
2023-04-16 14:15:29 -Started AppServiceApplication in 6.517 seconds (JVM running for 8.673)
2023-04-16 14:44:07 -Initializing Spring DispatcherServlet 'dispatcherServlet'
2023-04-16 14:44:07 -Initializing Servlet 'dispatcherServlet'
2023-04-16 14:44:07 -Completed initialization in 58 ms
2023-04-16 14:44:07 -10000收到user.modify.after回调数据：{"appId":10000,"nickName":"lld2","userId":"lld2"}
2023-04-16 18:00:27 -Shutting down ExecutorService 'applicationTaskExecutor'
2023-04-16 19:08:59 -Starting AppServiceApplication on DESKTOP-U0P6EDB with PID 8340 (E:\java2\netty-springboot\l-im-app-server\target\classes started by A in E:\java2\netty-springboot\l-im-app-server)
2023-04-16 19:08:59 -The following profiles are active: dev
2023-04-16 19:09:01 -Tomcat initialized with port(s): 8989 (http)
2023-04-16 19:09:01 -Initializing ProtocolHandler ["http-nio-8989"]
2023-04-16 19:09:01 -Starting service [Tomcat]
2023-04-16 19:09:01 -Starting Servlet engine: [Apache Tomcat/9.0.37]
2023-04-16 19:09:02 -Initializing Spring embedded WebApplicationContext
2023-04-16 19:09:02 -Root WebApplicationContext: initialization completed in 2859 ms
2023-04-16 19:09:07 -Initializing ExecutorService 'applicationTaskExecutor'
2023-04-16 19:09:07 -Starting ProtocolHandler ["http-nio-8989"]
2023-04-16 19:09:07 -Tomcat started on port(s): 8989 (http) with context path ''
2023-04-16 19:09:07 -Started AppServiceApplication in 10.478 seconds (JVM running for 14.039)
2023-04-16 19:17:29 -Initializing Spring DispatcherServlet 'dispatcherServlet'
2023-04-16 19:17:29 -Initializing Servlet 'dispatcherServlet'
2023-04-16 19:17:29 -Completed initialization in 76 ms
2023-04-16 19:17:30 -10000收到user.modify.after回调数据：{"appId":10000,"nickName":"lld","userId":"lld2"}
2023-04-16 20:16:57 -10000收到user.modify.after回调数据：{"appId":10000,"nickName":"lldlld","userId":"lld"}
2023-04-16 20:18:17 -Shutting down ExecutorService 'applicationTaskExecutor'
